[debug] [2023-05-27T08:35:29.008Z] ----------------------------------------------------------------------
[debug] [2023-05-27T08:35:29.009Z] Command:       /usr/local/bin/firebase /home/luis/.cache/firebase/tools/lib/node_modules/firebase-tools/lib/bin/firebase emulators:start --import=./emu-data --export-on-exit
[debug] [2023-05-27T08:35:29.009Z] CLI Version:   12.2.1
[debug] [2023-05-27T08:35:29.009Z] Platform:      linux
[debug] [2023-05-27T08:35:29.009Z] Node Version:  v16.16.0
[debug] [2023-05-27T08:35:29.009Z] Time:          Sat May 27 2023 10:35:29 GMT+0200 (Central European Summer Time)
[debug] [2023-05-27T08:35:29.009Z] ----------------------------------------------------------------------
[debug] 
[debug] [2023-05-27T08:35:29.010Z] >>> [apiv2][query] GET https://firebase-public.firebaseio.com/cli.json [none]
[debug] [2023-05-27T08:35:29.049Z] > command requires scopes: ["email","openid","https://www.googleapis.com/auth/cloudplatformprojects.readonly","https://www.googleapis.com/auth/firebase","https://www.googleapis.com/auth/cloud-platform"]
[debug] [2023-05-27T08:35:29.050Z] > authorizing via signed-in user (luismartinezwebdev@gmail.com)
[debug] [2023-05-27T08:35:29.073Z] openjdk version "11.0.19" 2023-04-18
OpenJDK Runtime Environment (build 11.0.19+7-post-Ubuntu-0ubuntu122.04.1)
OpenJDK 64-Bit Server VM (build 11.0.19+7-post-Ubuntu-0ubuntu122.04.1, mixed mode, sharing)

[debug] [2023-05-27T08:35:29.078Z] Parsed Java major version: 11
[info] i  emulators: Starting emulators: auth, firestore {"metadata":{"emulator":{"name":"hub"},"message":"Starting emulators: auth, firestore"}}
[debug] [2023-05-27T08:35:29.081Z] [logging] Logging Emulator only supports listening on one address (127.0.0.1). Not listening on ::1
[debug] [2023-05-27T08:35:29.081Z] [auth] Authentication Emulator only supports listening on one address (127.0.0.1). Not listening on ::1
[debug] [2023-05-27T08:35:29.081Z] [firestore] Firestore Emulator only supports listening on one address (127.0.0.1). Not listening on ::1
[debug] [2023-05-27T08:35:29.081Z] [firestore.websocket] websocket server for firestore only supports listening on one address (127.0.0.1). Not listening on ::1
[debug] [2023-05-27T08:35:29.081Z] assigned listening specs for emulators {"user":{"hub":[{"address":"127.0.0.1","family":"IPv4","port":4400},{"address":"::1","family":"IPv6","port":4400}],"ui":[{"address":"127.0.0.1","family":"IPv4","port":4000},{"address":"::1","family":"IPv6","port":4000}],"logging":[{"address":"127.0.0.1","family":"IPv4","port":4500}],"auth":[{"address":"127.0.0.1","family":"IPv4","port":9099}],"firestore":[{"address":"127.0.0.1","family":"IPv4","port":8080}],"firestore.websocket":[{"address":"127.0.0.1","family":"IPv4","port":9150}]},"metadata":{"message":"assigned listening specs for emulators"}}
[debug] [2023-05-27T08:35:29.087Z] [hub] writing locator at /tmp/hub-weather-wardrobe-wizard.json
[debug] [2023-05-27T08:35:29.093Z] Ignoring unsupported arg: auto_download {"metadata":{"emulator":{"name":"firestore"},"message":"Ignoring unsupported arg: auto_download"}}
[debug] [2023-05-27T08:35:29.093Z] Ignoring unsupported arg: single_project_mode_error {"metadata":{"emulator":{"name":"firestore"},"message":"Ignoring unsupported arg: single_project_mode_error"}}
[debug] [2023-05-27T08:35:29.093Z] Starting Firestore Emulator with command {"binary":"java","args":["-Dgoogle.cloud_firestore.debug_log_level=FINE","-Duser.language=en","-jar","/home/luis/.cache/firebase/emulators/cloud-firestore-emulator-v1.17.4.jar","--host","127.0.0.1","--port",8080,"--websocket_port",9150,"--project_id","weather-wardrobe-wizard","--rules","/home/luis/APP/002-PROJECTS/weather-wardrobe-wizard/firestore.rules","--single_project_mode",true],"optionalArgs":["port","webchannel_port","host","rules","websocket_port","functions_emulator","seed_from_export","project_id","single_project_mode"],"joinArgs":false} {"metadata":{"emulator":{"name":"firestore"},"message":"Starting Firestore Emulator with command {\"binary\":\"java\",\"args\":[\"-Dgoogle.cloud_firestore.debug_log_level=FINE\",\"-Duser.language=en\",\"-jar\",\"/home/luis/.cache/firebase/emulators/cloud-firestore-emulator-v1.17.4.jar\",\"--host\",\"127.0.0.1\",\"--port\",8080,\"--websocket_port\",9150,\"--project_id\",\"weather-wardrobe-wizard\",\"--rules\",\"/home/luis/APP/002-PROJECTS/weather-wardrobe-wizard/firestore.rules\",\"--single_project_mode\",true],\"optionalArgs\":[\"port\",\"webchannel_port\",\"host\",\"rules\",\"websocket_port\",\"functions_emulator\",\"seed_from_export\",\"project_id\",\"single_project_mode\"],\"joinArgs\":false}"}}
[info] i  firestore: Firestore Emulator logging to firestore-debug.log {"metadata":{"emulator":{"name":"firestore"},"message":"Firestore Emulator logging to \u001b[1mfirestore-debug.log\u001b[22m"}}
[debug] [2023-05-27T08:35:29.355Z] <<< [apiv2][status] GET https://firebase-public.firebaseio.com/cli.json 200
[debug] [2023-05-27T08:35:29.356Z] <<< [apiv2][body] GET https://firebase-public.firebaseio.com/cli.json {"cloudBuildErrorAfter":1594252800000,"cloudBuildWarnAfter":1590019200000,"defaultNode10After":1594252800000,"minVersion":"3.0.5","node8DeploysDisabledAfter":1613390400000,"node8RuntimeDisabledAfter":1615809600000,"node8WarnAfter":1600128000000}
[debug] [2023-05-27T08:35:29.679Z] May 27, 2023 10:35:29 AM com.google.cloud.datastore.emulator.firestore.websocket.WebSocketServer start
INFO: Started WebSocket server on ws://127.0.0.1:9150
 {"metadata":{"emulator":{"name":"firestore"},"message":"May 27, 2023 10:35:29 AM com.google.cloud.datastore.emulator.firestore.websocket.WebSocketServer start\nINFO: Started WebSocket server on ws://127.0.0.1:9150\n"}}
[debug] [2023-05-27T08:35:29.713Z] API endpoint: http://127.0.0.1:8080 {"metadata":{"emulator":{"name":"firestore"},"message":"API endpoint: http://127.0.0.1:8080"}}
[debug] [2023-05-27T08:35:29.713Z] 
If you are using a library that supports the FIRESTORE_EMULATOR_HOST environment variable, run:

   export FIRESTORE_EMULATOR_HOST=127.0.0.1:8080

Dev App Server is now running.

 {"metadata":{"emulator":{"name":"firestore"},"message":"\nIf you are using a library that supports the FIRESTORE_EMULATOR_HOST environment variable, run:\n\n   export FIRESTORE_EMULATOR_HOST=127.0.0.1:8080\n\nDev App Server is now running.\n\n"}}
[info] ✔  firestore: Firestore Emulator UI websocket is running on 9150. {"metadata":{"emulator":{"name":"firestore"},"message":"Firestore Emulator UI websocket is running on 9150."}}
[info] i  ui: downloading ui-v1.11.6.zip... {"metadata":{"emulator":{"name":"ui"},"message":"downloading ui-v1.11.6.zip..."}}
[debug] [2023-05-27T08:35:33.386Z] >>> [apiv2][query] GET https://storage.googleapis.com/firebase-preview-drop/emulator/ui-v1.11.6.zip 
[debug] [2023-05-27T08:35:33.511Z] <<< [apiv2][status] GET https://storage.googleapis.com/firebase-preview-drop/emulator/ui-v1.11.6.zip 200
[debug] [2023-05-27T08:35:33.511Z] <<< [apiv2][body] GET https://storage.googleapis.com/firebase-preview-drop/emulator/ui-v1.11.6.zip [stream]
[debug] [2023-05-27T08:35:34.032Z] Data is 3063444
[debug] [2023-05-27T08:35:34.032Z] [unzip] Entry: client/ (compressed_size=0 bytes, uncompressed_size=0 bytes)
[debug] [2023-05-27T08:35:34.032Z] [unzip] Processing entry: client/
[debug] [2023-05-27T08:35:34.032Z] [unzip] mkdir: /home/luis/.cache/firebase/emulators/ui-v1.11.6/client/
[debug] [2023-05-27T08:35:34.033Z] [unzip] Entry: client/favicon.ico (compressed_size=2497 bytes, uncompressed_size=7406 bytes)
[debug] [2023-05-27T08:35:34.033Z] [unzip] Processing entry: client/favicon.ico
[debug] [2023-05-27T08:35:34.033Z] [unzip] else mkdir: /home/luis/.cache/firebase/emulators/ui-v1.11.6/client
[debug] [2023-05-27T08:35:34.033Z] [unzip] deflating: /home/luis/.cache/firebase/emulators/ui-v1.11.6/client/favicon.ico
[debug] [2023-05-27T08:35:34.036Z] [unzip] Entry: client/apple-touch-icon.png (compressed_size=7231 bytes, uncompressed_size=7367 bytes)
[debug] [2023-05-27T08:35:34.036Z] [unzip] Processing entry: client/apple-touch-icon.png
[debug] [2023-05-27T08:35:34.036Z] [unzip] else mkdir: /home/luis/.cache/firebase/emulators/ui-v1.11.6/client
[debug] [2023-05-27T08:35:34.036Z] [unzip] deflating: /home/luis/.cache/firebase/emulators/ui-v1.11.6/client/apple-touch-icon.png
[debug] [2023-05-27T08:35:34.036Z] [unzip] Entry: client/android-chrome-512x512.png (compressed_size=16987 bytes, uncompressed_size=18186 bytes)
[debug] [2023-05-27T08:35:34.036Z] [unzip] Processing entry: client/android-chrome-512x512.png
[debug] [2023-05-27T08:35:34.036Z] [unzip] else mkdir: /home/luis/.cache/firebase/emulators/ui-v1.11.6/client
[debug] [2023-05-27T08:35:34.037Z] [unzip] deflating: /home/luis/.cache/firebase/emulators/ui-v1.11.6/client/android-chrome-512x512.png
[debug] [2023-05-27T08:35:34.037Z] [unzip] Entry: client/assets/ (compressed_size=0 bytes, uncompressed_size=0 bytes)
[debug] [2023-05-27T08:35:34.037Z] [unzip] Processing entry: client/assets/
[debug] [2023-05-27T08:35:34.037Z] [unzip] mkdir: /home/luis/.cache/firebase/emulators/ui-v1.11.6/client/assets/
[debug] [2023-05-27T08:35:34.037Z] [unzip] Entry: client/assets/extensions/ (compressed_size=0 bytes, uncompressed_size=0 bytes)
[debug] [2023-05-27T08:35:34.037Z] [unzip] Processing entry: client/assets/extensions/
[debug] [2023-05-27T08:35:34.037Z] [unzip] mkdir: /home/luis/.cache/firebase/emulators/ui-v1.11.6/client/assets/extensions/
[debug] [2023-05-27T08:35:34.037Z] [unzip] Entry: client/assets/extensions/default-extension.png (compressed_size=1646 bytes, uncompressed_size=1657 bytes)
[debug] [2023-05-27T08:35:34.037Z] [unzip] Processing entry: client/assets/extensions/default-extension.png
[debug] [2023-05-27T08:35:34.037Z] [unzip] else mkdir: /home/luis/.cache/firebase/emulators/ui-v1.11.6/client/assets/extensions
[debug] [2023-05-27T08:35:34.037Z] [unzip] deflating: /home/luis/.cache/firebase/emulators/ui-v1.11.6/client/assets/extensions/default-extension.png
[debug] [2023-05-27T08:35:34.038Z] [unzip] Entry: client/assets/index.85584c3f.js (compressed_size=526096 bytes, uncompressed_size=1859818 bytes)
[debug] [2023-05-27T08:35:34.038Z] [unzip] Processing entry: client/assets/index.85584c3f.js
[debug] [2023-05-27T08:35:34.038Z] [unzip] else mkdir: /home/luis/.cache/firebase/emulators/ui-v1.11.6/client/assets
[debug] [2023-05-27T08:35:34.038Z] [unzip] deflating: /home/luis/.cache/firebase/emulators/ui-v1.11.6/client/assets/index.85584c3f.js
[debug] [2023-05-27T08:35:34.045Z] [unzip] Entry: client/assets/provider-icons/ (compressed_size=0 bytes, uncompressed_size=0 bytes)
[debug] [2023-05-27T08:35:34.045Z] [unzip] Processing entry: client/assets/provider-icons/
[debug] [2023-05-27T08:35:34.045Z] [unzip] mkdir: /home/luis/.cache/firebase/emulators/ui-v1.11.6/client/assets/provider-icons/
[debug] [2023-05-27T08:35:34.045Z] [unzip] Entry: client/assets/provider-icons/auth_service_oidc.svg (compressed_size=414 bytes, uncompressed_size=858 bytes)
[debug] [2023-05-27T08:35:34.045Z] [unzip] Processing entry: client/assets/provider-icons/auth_service_oidc.svg
[debug] [2023-05-27T08:35:34.045Z] [unzip] else mkdir: /home/luis/.cache/firebase/emulators/ui-v1.11.6/client/assets/provider-icons
[debug] [2023-05-27T08:35:34.045Z] [unzip] deflating: /home/luis/.cache/firebase/emulators/ui-v1.11.6/client/assets/provider-icons/auth_service_oidc.svg
[debug] [2023-05-27T08:35:34.046Z] [unzip] Entry: client/assets/provider-icons/auth_service_yahoo.svg (compressed_size=577 bytes, uncompressed_size=1182 bytes)
[debug] [2023-05-27T08:35:34.046Z] [unzip] Processing entry: client/assets/provider-icons/auth_service_yahoo.svg
[debug] [2023-05-27T08:35:34.046Z] [unzip] else mkdir: /home/luis/.cache/firebase/emulators/ui-v1.11.6/client/assets/provider-icons
[debug] [2023-05-27T08:35:34.046Z] [unzip] deflating: /home/luis/.cache/firebase/emulators/ui-v1.11.6/client/assets/provider-icons/auth_service_yahoo.svg
[debug] [2023-05-27T08:35:34.046Z] [unzip] Entry: client/assets/provider-icons/auth_service_phone.svg (compressed_size=261 bytes, uncompressed_size=414 bytes)
[debug] [2023-05-27T08:35:34.046Z] [unzip] Processing entry: client/assets/provider-icons/auth_service_phone.svg
[debug] [2023-05-27T08:35:34.046Z] [unzip] else mkdir: /home/luis/.cache/firebase/emulators/ui-v1.11.6/client/assets/provider-icons
[debug] [2023-05-27T08:35:34.046Z] [unzip] deflating: /home/luis/.cache/firebase/emulators/ui-v1.11.6/client/assets/provider-icons/auth_service_phone.svg
[debug] [2023-05-27T08:35:34.047Z] [unzip] Entry: client/assets/provider-icons/auth_service_saml.svg (compressed_size=575 bytes, uncompressed_size=1226 bytes)
[debug] [2023-05-27T08:35:34.047Z] [unzip] Processing entry: client/assets/provider-icons/auth_service_saml.svg
[debug] [2023-05-27T08:35:34.047Z] [unzip] else mkdir: /home/luis/.cache/firebase/emulators/ui-v1.11.6/client/assets/provider-icons
[debug] [2023-05-27T08:35:34.047Z] [unzip] deflating: /home/luis/.cache/firebase/emulators/ui-v1.11.6/client/assets/provider-icons/auth_service_saml.svg
[debug] [2023-05-27T08:35:34.047Z] [unzip] Entry: client/assets/provider-icons/auth_service_mslive.svg (compressed_size=203 bytes, uncompressed_size=378 bytes)
[debug] [2023-05-27T08:35:34.047Z] [unzip] Processing entry: client/assets/provider-icons/auth_service_mslive.svg
[debug] [2023-05-27T08:35:34.047Z] [unzip] else mkdir: /home/luis/.cache/firebase/emulators/ui-v1.11.6/client/assets/provider-icons
[debug] [2023-05-27T08:35:34.047Z] [unzip] deflating: /home/luis/.cache/firebase/emulators/ui-v1.11.6/client/assets/provider-icons/auth_service_mslive.svg
[debug] [2023-05-27T08:35:34.048Z] [unzip] Entry: client/assets/provider-icons/auth_service_facebook.svg (compressed_size=289 bytes, uncompressed_size=457 bytes)
[debug] [2023-05-27T08:35:34.048Z] [unzip] Processing entry: client/assets/provider-icons/auth_service_facebook.svg
[debug] [2023-05-27T08:35:34.048Z] [unzip] else mkdir: /home/luis/.cache/firebase/emulators/ui-v1.11.6/client/assets/provider-icons
[debug] [2023-05-27T08:35:34.048Z] [unzip] deflating: /home/luis/.cache/firebase/emulators/ui-v1.11.6/client/assets/provider-icons/auth_service_facebook.svg
[debug] [2023-05-27T08:35:34.048Z] [unzip] Entry: client/assets/provider-icons/auth_service_play_games.svg (compressed_size=565 bytes, uncompressed_size=1173 bytes)
[debug] [2023-05-27T08:35:34.048Z] [unzip] Processing entry: client/assets/provider-icons/auth_service_play_games.svg
[debug] [2023-05-27T08:35:34.048Z] [unzip] else mkdir: /home/luis/.cache/firebase/emulators/ui-v1.11.6/client/assets/provider-icons
[debug] [2023-05-27T08:35:34.048Z] [unzip] deflating: /home/luis/.cache/firebase/emulators/ui-v1.11.6/client/assets/provider-icons/auth_service_play_games.svg
[debug] [2023-05-27T08:35:34.049Z] [unzip] Entry: client/assets/provider-icons/auth_service_github.svg (compressed_size=466 bytes, uncompressed_size=838 bytes)
[debug] [2023-05-27T08:35:34.049Z] [unzip] Processing entry: client/assets/provider-icons/auth_service_github.svg
[debug] [2023-05-27T08:35:34.049Z] [unzip] else mkdir: /home/luis/.cache/firebase/emulators/ui-v1.11.6/client/assets/provider-icons
[debug] [2023-05-27T08:35:34.049Z] [unzip] deflating: /home/luis/.cache/firebase/emulators/ui-v1.11.6/client/assets/provider-icons/auth_service_github.svg
[debug] [2023-05-27T08:35:34.049Z] [unzip] Entry: client/assets/provider-icons/auth_service_apple.svg (compressed_size=230 bytes, uncompressed_size=334 bytes)
[debug] [2023-05-27T08:35:34.049Z] [unzip] Processing entry: client/assets/provider-icons/auth_service_apple.svg
[debug] [2023-05-27T08:35:34.049Z] [unzip] else mkdir: /home/luis/.cache/firebase/emulators/ui-v1.11.6/client/assets/provider-icons
[debug] [2023-05-27T08:35:34.049Z] [unzip] deflating: /home/luis/.cache/firebase/emulators/ui-v1.11.6/client/assets/provider-icons/auth_service_apple.svg
[debug] [2023-05-27T08:35:34.049Z] [unzip] Entry: client/assets/provider-icons/auth_service_google.svg (compressed_size=409 bytes, uncompressed_size=720 bytes)
[debug] [2023-05-27T08:35:34.049Z] [unzip] Processing entry: client/assets/provider-icons/auth_service_google.svg
[debug] [2023-05-27T08:35:34.049Z] [unzip] else mkdir: /home/luis/.cache/firebase/emulators/ui-v1.11.6/client/assets/provider-icons
[debug] [2023-05-27T08:35:34.049Z] [unzip] deflating: /home/luis/.cache/firebase/emulators/ui-v1.11.6/client/assets/provider-icons/auth_service_google.svg
[debug] [2023-05-27T08:35:34.050Z] [unzip] Entry: client/assets/provider-icons/auth_service_email.svg (compressed_size=228 bytes, uncompressed_size=326 bytes)
[debug] [2023-05-27T08:35:34.050Z] [unzip] Processing entry: client/assets/provider-icons/auth_service_email.svg
[debug] [2023-05-27T08:35:34.050Z] [unzip] else mkdir: /home/luis/.cache/firebase/emulators/ui-v1.11.6/client/assets/provider-icons
[debug] [2023-05-27T08:35:34.050Z] [unzip] deflating: /home/luis/.cache/firebase/emulators/ui-v1.11.6/client/assets/provider-icons/auth_service_email.svg
[debug] [2023-05-27T08:35:34.050Z] [unzip] Entry: client/assets/provider-icons/auth_service_twitter.svg (compressed_size=444 bytes, uncompressed_size=751 bytes)
[debug] [2023-05-27T08:35:34.050Z] [unzip] Processing entry: client/assets/provider-icons/auth_service_twitter.svg
[debug] [2023-05-27T08:35:34.050Z] [unzip] else mkdir: /home/luis/.cache/firebase/emulators/ui-v1.11.6/client/assets/provider-icons
[debug] [2023-05-27T08:35:34.050Z] [unzip] deflating: /home/luis/.cache/firebase/emulators/ui-v1.11.6/client/assets/provider-icons/auth_service_twitter.svg
[debug] [2023-05-27T08:35:34.050Z] [unzip] Entry: client/assets/provider-icons/auth_service_game_center.svg (compressed_size=991 bytes, uncompressed_size=3921 bytes)
[debug] [2023-05-27T08:35:34.050Z] [unzip] Processing entry: client/assets/provider-icons/auth_service_game_center.svg
[debug] [2023-05-27T08:35:34.051Z] [unzip] else mkdir: /home/luis/.cache/firebase/emulators/ui-v1.11.6/client/assets/provider-icons
[debug] [2023-05-27T08:35:34.051Z] [unzip] deflating: /home/luis/.cache/firebase/emulators/ui-v1.11.6/client/assets/provider-icons/auth_service_game_center.svg
[debug] [2023-05-27T08:35:34.051Z] [unzip] Entry: client/assets/img/ (compressed_size=0 bytes, uncompressed_size=0 bytes)
[debug] [2023-05-27T08:35:34.051Z] [unzip] Processing entry: client/assets/img/
[debug] [2023-05-27T08:35:34.051Z] [unzip] mkdir: /home/luis/.cache/firebase/emulators/ui-v1.11.6/client/assets/img/
[debug] [2023-05-27T08:35:34.051Z] [unzip] Entry: client/assets/img/database.png (compressed_size=29449 bytes, uncompressed_size=29988 bytes)
[debug] [2023-05-27T08:35:34.051Z] [unzip] Processing entry: client/assets/img/database.png
[debug] [2023-05-27T08:35:34.051Z] [unzip] else mkdir: /home/luis/.cache/firebase/emulators/ui-v1.11.6/client/assets/img
[debug] [2023-05-27T08:35:34.051Z] [unzip] deflating: /home/luis/.cache/firebase/emulators/ui-v1.11.6/client/assets/img/database.png
[debug] [2023-05-27T08:35:34.051Z] [unzip] Entry: client/assets/index.b9383ce5.css (compressed_size=37605 bytes, uncompressed_size=321268 bytes)
[debug] [2023-05-27T08:35:34.051Z] [unzip] Processing entry: client/assets/index.b9383ce5.css
[debug] [2023-05-27T08:35:34.051Z] [unzip] else mkdir: /home/luis/.cache/firebase/emulators/ui-v1.11.6/client/assets
[debug] [2023-05-27T08:35:34.051Z] [unzip] deflating: /home/luis/.cache/firebase/emulators/ui-v1.11.6/client/assets/index.b9383ce5.css
[debug] [2023-05-27T08:35:34.052Z] [unzip] Entry: client/assets/index.85584c3f.js.map (compressed_size=1778028 bytes, uncompressed_size=7960238 bytes)
[debug] [2023-05-27T08:35:34.052Z] [unzip] Processing entry: client/assets/index.85584c3f.js.map
[debug] [2023-05-27T08:35:34.052Z] [unzip] else mkdir: /home/luis/.cache/firebase/emulators/ui-v1.11.6/client/assets
[debug] [2023-05-27T08:35:34.052Z] [unzip] deflating: /home/luis/.cache/firebase/emulators/ui-v1.11.6/client/assets/index.85584c3f.js.map
[debug] [2023-05-27T08:35:34.076Z] [unzip] Entry: client/safari-pinned-tab.svg (compressed_size=838 bytes, uncompressed_size=1504 bytes)
[debug] [2023-05-27T08:35:34.076Z] [unzip] Processing entry: client/safari-pinned-tab.svg
[debug] [2023-05-27T08:35:34.076Z] [unzip] else mkdir: /home/luis/.cache/firebase/emulators/ui-v1.11.6/client
[debug] [2023-05-27T08:35:34.076Z] [unzip] deflating: /home/luis/.cache/firebase/emulators/ui-v1.11.6/client/safari-pinned-tab.svg
[debug] [2023-05-27T08:35:34.077Z] [unzip] Entry: client/mstile-150x150.png (compressed_size=5406 bytes, uncompressed_size=5723 bytes)
[debug] [2023-05-27T08:35:34.077Z] [unzip] Processing entry: client/mstile-150x150.png
[debug] [2023-05-27T08:35:34.077Z] [unzip] else mkdir: /home/luis/.cache/firebase/emulators/ui-v1.11.6/client
[debug] [2023-05-27T08:35:34.077Z] [unzip] deflating: /home/luis/.cache/firebase/emulators/ui-v1.11.6/client/mstile-150x150.png
[debug] [2023-05-27T08:35:34.077Z] [unzip] Entry: client/browserconfig.xml (compressed_size=491 bytes, uncompressed_size=822 bytes)
[debug] [2023-05-27T08:35:34.077Z] [unzip] Processing entry: client/browserconfig.xml
[debug] [2023-05-27T08:35:34.077Z] [unzip] else mkdir: /home/luis/.cache/firebase/emulators/ui-v1.11.6/client
[debug] [2023-05-27T08:35:34.077Z] [unzip] deflating: /home/luis/.cache/firebase/emulators/ui-v1.11.6/client/browserconfig.xml
[debug] [2023-05-27T08:35:34.078Z] [unzip] Entry: client/robots.txt (compressed_size=26 bytes, uncompressed_size=26 bytes)
[debug] [2023-05-27T08:35:34.078Z] [unzip] Processing entry: client/robots.txt
[debug] [2023-05-27T08:35:34.078Z] [unzip] else mkdir: /home/luis/.cache/firebase/emulators/ui-v1.11.6/client
[debug] [2023-05-27T08:35:34.078Z] [unzip] Writing file: /home/luis/.cache/firebase/emulators/ui-v1.11.6/client/robots.txt
[debug] [2023-05-27T08:35:34.078Z] [unzip] Entry: client/index.html (compressed_size=1363 bytes, uncompressed_size=3064 bytes)
[debug] [2023-05-27T08:35:34.078Z] [unzip] Processing entry: client/index.html
[debug] [2023-05-27T08:35:34.078Z] [unzip] else mkdir: /home/luis/.cache/firebase/emulators/ui-v1.11.6/client
[debug] [2023-05-27T08:35:34.078Z] [unzip] deflating: /home/luis/.cache/firebase/emulators/ui-v1.11.6/client/index.html
[debug] [2023-05-27T08:35:34.079Z] [unzip] Entry: client/favicon-16x16.png (compressed_size=757 bytes, uncompressed_size=777 bytes)
[debug] [2023-05-27T08:35:34.079Z] [unzip] Processing entry: client/favicon-16x16.png
[debug] [2023-05-27T08:35:34.079Z] [unzip] else mkdir: /home/luis/.cache/firebase/emulators/ui-v1.11.6/client
[debug] [2023-05-27T08:35:34.079Z] [unzip] deflating: /home/luis/.cache/firebase/emulators/ui-v1.11.6/client/favicon-16x16.png
[debug] [2023-05-27T08:35:34.079Z] [unzip] Entry: client/manifest.json (compressed_size=246 bytes, uncompressed_size=551 bytes)
[debug] [2023-05-27T08:35:34.079Z] [unzip] Processing entry: client/manifest.json
[debug] [2023-05-27T08:35:34.079Z] [unzip] else mkdir: /home/luis/.cache/firebase/emulators/ui-v1.11.6/client
[debug] [2023-05-27T08:35:34.079Z] [unzip] deflating: /home/luis/.cache/firebase/emulators/ui-v1.11.6/client/manifest.json
[debug] [2023-05-27T08:35:34.079Z] [unzip] Entry: client/favicon-32x32.png (compressed_size=1175 bytes, uncompressed_size=1175 bytes)
[debug] [2023-05-27T08:35:34.079Z] [unzip] Processing entry: client/favicon-32x32.png
[debug] [2023-05-27T08:35:34.079Z] [unzip] else mkdir: /home/luis/.cache/firebase/emulators/ui-v1.11.6/client
[debug] [2023-05-27T08:35:34.079Z] [unzip] Writing file: /home/luis/.cache/firebase/emulators/ui-v1.11.6/client/favicon-32x32.png
[debug] [2023-05-27T08:35:34.079Z] [unzip] Entry: client/android-chrome-192x192.png (compressed_size=7602 bytes, uncompressed_size=7834 bytes)
[debug] [2023-05-27T08:35:34.079Z] [unzip] Processing entry: client/android-chrome-192x192.png
[debug] [2023-05-27T08:35:34.079Z] [unzip] else mkdir: /home/luis/.cache/firebase/emulators/ui-v1.11.6/client
[debug] [2023-05-27T08:35:34.080Z] [unzip] deflating: /home/luis/.cache/firebase/emulators/ui-v1.11.6/client/android-chrome-192x192.png
[debug] [2023-05-27T08:35:34.080Z] [unzip] Entry: server/ (compressed_size=0 bytes, uncompressed_size=0 bytes)
[debug] [2023-05-27T08:35:34.080Z] [unzip] Processing entry: server/
[debug] [2023-05-27T08:35:34.080Z] [unzip] mkdir: /home/luis/.cache/firebase/emulators/ui-v1.11.6/server/
[debug] [2023-05-27T08:35:34.080Z] [unzip] Entry: server/server.js (compressed_size=343746 bytes, uncompressed_size=1346374 bytes)
[debug] [2023-05-27T08:35:34.080Z] [unzip] Processing entry: server/server.js
[debug] [2023-05-27T08:35:34.080Z] [unzip] else mkdir: /home/luis/.cache/firebase/emulators/ui-v1.11.6/server
[debug] [2023-05-27T08:35:34.080Z] [unzip] deflating: /home/luis/.cache/firebase/emulators/ui-v1.11.6/server/server.js
[debug] [2023-05-27T08:35:34.085Z] [unzip] Entry: server/server.js.map (compressed_size=289157 bytes, uncompressed_size=1325651 bytes)
[debug] [2023-05-27T08:35:34.085Z] [unzip] Processing entry: server/server.js.map
[debug] [2023-05-27T08:35:34.085Z] [unzip] else mkdir: /home/luis/.cache/firebase/emulators/ui-v1.11.6/server
[debug] [2023-05-27T08:35:34.085Z] [unzip] deflating: /home/luis/.cache/firebase/emulators/ui-v1.11.6/server/server.js.map
[debug] [2023-05-27T08:35:34.090Z] Ignoring unsupported arg: auto_download {"metadata":{"emulator":{"name":"ui"},"message":"Ignoring unsupported arg: auto_download"}}
[debug] [2023-05-27T08:35:34.090Z] Ignoring unsupported arg: port {"metadata":{"emulator":{"name":"ui"},"message":"Ignoring unsupported arg: port"}}
[debug] [2023-05-27T08:35:34.090Z] Starting Emulator UI with command {"binary":"node","args":["/home/luis/.cache/firebase/emulators/ui-v1.11.6/server/server.js"],"optionalArgs":[],"joinArgs":false} {"metadata":{"emulator":{"name":"ui"},"message":"Starting Emulator UI with command {\"binary\":\"node\",\"args\":[\"/home/luis/.cache/firebase/emulators/ui-v1.11.6/server/server.js\"],\"optionalArgs\":[],\"joinArgs\":false}"}}
[info] i  ui: Emulator UI logging to ui-debug.log {"metadata":{"emulator":{"name":"ui"},"message":"Emulator UI logging to \u001b[1mui-debug.log\u001b[22m"}}
[debug] [2023-05-27T08:35:34.191Z] Web / API server started at 127.0.0.1:4000
 {"metadata":{"emulator":{"name":"ui"},"message":"Web / API server started at 127.0.0.1:4000\n"}}
[debug] [2023-05-27T08:35:34.191Z] Web / API server started at ::1:4000
 {"metadata":{"emulator":{"name":"ui"},"message":"Web / API server started at ::1:4000\n"}}
[info] 
┌─────────────────────────────────────────────────────────────┐
│ ✔  All emulators ready! It is now safe to connect your app. │
│ i  View Emulator UI at http://127.0.0.1:4000/               │
└─────────────────────────────────────────────────────────────┘

┌────────────────┬────────────────┬─────────────────────────────────┐
│ Emulator       │ Host:Port      │ View in Emulator UI             │
├────────────────┼────────────────┼─────────────────────────────────┤
│ Authentication │ 127.0.0.1:9099 │ http://127.0.0.1:4000/auth      │
├────────────────┼────────────────┼─────────────────────────────────┤
│ Firestore      │ 127.0.0.1:8080 │ http://127.0.0.1:4000/firestore │
└────────────────┴────────────────┴─────────────────────────────────┘
  Emulator Hub running at 127.0.0.1:4400
  Other reserved ports: 4500, 9150

Issues? Report them at https://github.com/firebase/firebase-tools/issues and attach the *-debug.log files.
 
[debug] [2023-05-27T08:35:39.475Z] May 27, 2023 10:35:39 AM com.google.cloud.datastore.emulator.firestore.websocket.WebSocketChannelHandler initChannel
INFO: Connected to new websocket client
 {"metadata":{"emulator":{"name":"firestore"},"message":"May 27, 2023 10:35:39 AM com.google.cloud.datastore.emulator.firestore.websocket.WebSocketChannelHandler initChannel\nINFO: Connected to new websocket client\n"}}
[debug] [2023-05-27T08:35:55.383Z] May 27, 2023 10:35:55 AM io.gapi.emulators.netty.HttpVersionRoutingHandler channelRead
INFO: Detected non-HTTP/2 connection.
 {"metadata":{"emulator":{"name":"firestore"},"message":"May 27, 2023 10:35:55 AM io.gapi.emulators.netty.HttpVersionRoutingHandler channelRead\nINFO: Detected non-HTTP/2 connection.\n"}}
[debug] [2023-05-27T08:35:55.806Z] May 27, 2023 10:35:55 AM io.gapi.emulators.netty.HttpVersionRoutingHandler channelRead
INFO: Detected non-HTTP/2 connection.
 {"metadata":{"emulator":{"name":"firestore"},"message":"May 27, 2023 10:35:55 AM io.gapi.emulators.netty.HttpVersionRoutingHandler channelRead\nINFO: Detected non-HTTP/2 connection.\n"}}
[debug] [2023-05-27T08:35:55.828Z] May 27, 2023 10:35:55 AM io.gapi.emulators.netty.HttpVersionRoutingHandler channelRead
INFO: Detected non-HTTP/2 connection.
 {"metadata":{"emulator":{"name":"firestore"},"message":"May 27, 2023 10:35:55 AM io.gapi.emulators.netty.HttpVersionRoutingHandler channelRead\nINFO: Detected non-HTTP/2 connection.\n"}}
[debug] [2023-05-27T08:35:55.830Z] May 27, 2023 10:35:55 AM io.gapi.emulators.netty.HttpVersionRoutingHandler channelRead
INFO: Detected non-HTTP/2 connection.
 {"metadata":{"emulator":{"name":"firestore"},"message":"May 27, 2023 10:35:55 AM io.gapi.emulators.netty.HttpVersionRoutingHandler channelRead\nINFO: Detected non-HTTP/2 connection.\n"}}
[debug] [2023-05-27T08:35:55.850Z] May 27, 2023 10:35:55 AM io.gapi.emulators.netty.HttpVersionRoutingHandler channelRead
INFO: Detected non-HTTP/2 connection.
 {"metadata":{"emulator":{"name":"firestore"},"message":"May 27, 2023 10:35:55 AM io.gapi.emulators.netty.HttpVersionRoutingHandler channelRead\nINFO: Detected non-HTTP/2 connection.\n"}}
[debug] [2023-05-27T08:35:55.861Z] May 27, 2023 10:35:55 AM io.gapi.emulators.netty.HttpVersionRoutingHandler channelRead
INFO: Detected non-HTTP/2 connection.
 {"metadata":{"emulator":{"name":"firestore"},"message":"May 27, 2023 10:35:55 AM io.gapi.emulators.netty.HttpVersionRoutingHandler channelRead\nINFO: Detected non-HTTP/2 connection.\n"}}
[debug] [2023-05-27T08:36:04.027Z] May 27, 2023 10:36:04 AM io.gapi.emulators.netty.HttpVersionRoutingHandler channelRead
INFO: Detected non-HTTP/2 connection.
 {"metadata":{"emulator":{"name":"firestore"},"message":"May 27, 2023 10:36:04 AM io.gapi.emulators.netty.HttpVersionRoutingHandler channelRead\nINFO: Detected non-HTTP/2 connection.\n"}}
[debug] [2023-05-27T08:36:04.120Z] May 27, 2023 10:36:04 AM io.gapi.emulators.netty.HttpVersionRoutingHandler channelRead
INFO: Detected HTTP/2 connection.
 {"metadata":{"emulator":{"name":"firestore"},"message":"May 27, 2023 10:36:04 AM io.gapi.emulators.netty.HttpVersionRoutingHandler channelRead\nINFO: Detected HTTP/2 connection.\n"}}
[debug] [2023-05-27T08:36:04.197Z] May 27, 2023 10:36:04 AM io.gapi.emulators.netty.HttpVersionRoutingHandler channelRead
INFO: Detected non-HTTP/2 connection.
 {"metadata":{"emulator":{"name":"firestore"},"message":"May 27, 2023 10:36:04 AM io.gapi.emulators.netty.HttpVersionRoutingHandler channelRead\nINFO: Detected non-HTTP/2 connection.\n"}}
[debug] [2023-05-27T08:36:04.239Z] May 27, 2023 10:36:04 AM io.gapi.emulators.netty.HttpVersionRoutingHandler channelRead
INFO: Detected non-HTTP/2 connection.
 {"metadata":{"emulator":{"name":"firestore"},"message":"May 27, 2023 10:36:04 AM io.gapi.emulators.netty.HttpVersionRoutingHandler channelRead\nINFO: Detected non-HTTP/2 connection.\n"}}
[debug] [2023-05-27T08:36:04.291Z] May 27, 2023 10:36:04 AM io.gapi.emulators.netty.HttpVersionRoutingHandler channelRead
INFO: Detected non-HTTP/2 connection.
 {"metadata":{"emulator":{"name":"firestore"},"message":"May 27, 2023 10:36:04 AM io.gapi.emulators.netty.HttpVersionRoutingHandler channelRead\nINFO: Detected non-HTTP/2 connection.\n"}}
[debug] [2023-05-27T08:36:40.853Z] May 27, 2023 10:36:40 AM io.gapi.emulators.netty.HttpVersionRoutingHandler channelRead
INFO: Detected non-HTTP/2 connection.
 {"metadata":{"emulator":{"name":"firestore"},"message":"May 27, 2023 10:36:40 AM io.gapi.emulators.netty.HttpVersionRoutingHandler channelRead\nINFO: Detected non-HTTP/2 connection.\n"}}
[debug] [2023-05-27T08:36:55.838Z] May 27, 2023 10:36:55 AM io.gapi.emulators.netty.HttpVersionRoutingHandler channelRead
INFO: Detected non-HTTP/2 connection.
 {"metadata":{"emulator":{"name":"firestore"},"message":"May 27, 2023 10:36:55 AM io.gapi.emulators.netty.HttpVersionRoutingHandler channelRead\nINFO: Detected non-HTTP/2 connection.\n"}}
[debug] [2023-05-27T08:36:55.848Z] May 27, 2023 10:36:55 AM com.google.cloud.datastore.emulator.firestore.webchannel.FirestoreV1WebChannelAdapter$FirestoreListenHandler onClose
INFO: channel closed
 {"metadata":{"emulator":{"name":"firestore"},"message":"May 27, 2023 10:36:55 AM com.google.cloud.datastore.emulator.firestore.webchannel.FirestoreV1WebChannelAdapter$FirestoreListenHandler onClose\nINFO: channel closed\n"}}
[debug] [2023-05-27T08:36:55.948Z] May 27, 2023 10:36:55 AM io.gapi.emulators.netty.HttpVersionRoutingHandler channelRead
INFO: Detected non-HTTP/2 connection.
 {"metadata":{"emulator":{"name":"firestore"},"message":"May 27, 2023 10:36:55 AM io.gapi.emulators.netty.HttpVersionRoutingHandler channelRead\nINFO: Detected non-HTTP/2 connection.\n"}}
[debug] [2023-05-27T08:36:55.957Z] May 27, 2023 10:36:55 AM com.google.cloud.datastore.emulator.firestore.webchannel.FirestoreV1WebChannelAdapter$FirestoreWriteHandler onClose
INFO: channel closed
 {"metadata":{"emulator":{"name":"firestore"},"message":"May 27, 2023 10:36:55 AM com.google.cloud.datastore.emulator.firestore.webchannel.FirestoreV1WebChannelAdapter$FirestoreWriteHandler onClose\nINFO: channel closed\n"}}
